{"C:\\Users\\nick-\\repos\\MyPets\\api\\src\\app.js": {"path":"C:\\Users\\nick-\\repos\\MyPets\\api\\src\\app.js","statementMap":{"0":{"start":{"line":8,"column":12},"end":{"line":8,"column":29}},"1":{"start":{"line":10,"column":19},"end":{"line":10,"column":52}},"2":{"start":{"line":11,"column":18},"end":{"line":11,"column":60}},"3":{"start":{"line":13,"column":0},"end":{"line":13,"column":29}},"4":{"start":{"line":14,"column":0},"end":{"line":14,"column":27}},"5":{"start":{"line":16,"column":0},"end":{"line":16,"column":35}},"6":{"start":{"line":18,"column":0},"end":{"line":28,"column":2}},"7":{"start":{"line":20,"column":84},"end":{"line":20,"column":95}},"8":{"start":{"line":22,"column":2},"end":{"line":27,"column":4}}},"fnMap":{"0":{"name":"(anonymous_0)","decl":{"start":{"line":18,"column":13},"end":{"line":18,"column":14}},"loc":{"start":{"line":18,"column":30},"end":{"line":28,"column":1}},"line":18}},"branchMap":{},"s":{"0":0,"1":0,"2":0,"3":0,"4":0,"5":0,"6":0,"7":0,"8":0},"f":{"0":0},"b":{}}
,"C:\\Users\\nick-\\repos\\MyPets\\api\\src\\index.js": {"path":"C:\\Users\\nick-\\repos\\MyPets\\api\\src\\index.js","statementMap":{"0":{"start":{"line":15,"column":17},"end":{"line":15,"column":28}},"1":{"start":{"line":17,"column":15},"end":{"line":39,"column":2}},"2":{"start":{"line":24,"column":18},"end":{"line":26,"column":12}},"3":{"start":{"line":28,"column":4},"end":{"line":28,"column":22}},"4":{"start":{"line":28,"column":16},"end":{"line":28,"column":22}},"5":{"start":{"line":30,"column":25},"end":{"line":30,"column":66}},"6":{"start":{"line":31,"column":23},"end":{"line":31,"column":91}},"7":{"start":{"line":33,"column":4},"end":{"line":35,"column":5}},"8":{"start":{"line":34,"column":6},"end":{"line":34,"column":37}},"9":{"start":{"line":37,"column":4},"end":{"line":37,"column":32}},"10":{"start":{"line":41,"column":0},"end":{"line":41,"column":31}},"11":{"start":{"line":43,"column":0},"end":{"line":43,"column":76}},"12":{"start":{"line":43,"column":23},"end":{"line":43,"column":75}}},"fnMap":{"0":{"name":"(anonymous_0)","decl":{"start":{"line":23,"column":11},"end":{"line":23,"column":12}},"loc":{"start":{"line":23,"column":30},"end":{"line":38,"column":3}},"line":23},"1":{"name":"(anonymous_1)","decl":{"start":{"line":43,"column":17},"end":{"line":43,"column":18}},"loc":{"start":{"line":43,"column":23},"end":{"line":43,"column":75}},"line":43}},"branchMap":{"0":{"loc":{"start":{"line":24,"column":18},"end":{"line":26,"column":12}},"type":"cond-expr","locations":[{"start":{"line":25,"column":8},"end":{"line":25,"column":59}},{"start":{"line":26,"column":8},"end":{"line":26,"column":12}}],"line":24},"1":{"loc":{"start":{"line":28,"column":4},"end":{"line":28,"column":22}},"type":"if","locations":[{"start":{"line":28,"column":4},"end":{"line":28,"column":22}},{"start":{"line":28,"column":4},"end":{"line":28,"column":22}}],"line":28},"2":{"loc":{"start":{"line":33,"column":4},"end":{"line":35,"column":5}},"type":"if","locations":[{"start":{"line":33,"column":4},"end":{"line":35,"column":5}},{"start":{"line":33,"column":4},"end":{"line":35,"column":5}}],"line":33}},"s":{"0":0,"1":0,"2":0,"3":0,"4":0,"5":0,"6":0,"7":0,"8":0,"9":0,"10":0,"11":0,"12":0},"f":{"0":0,"1":0},"b":{"0":[0,0],"1":[0,0],"2":[0,0]}}
,"C:\\Users\\nick-\\repos\\MyPets\\api\\src\\db\\mongoose.js": {"path":"C:\\Users\\nick-\\repos\\MyPets\\api\\src\\db\\mongoose.js","statementMap":{"0":{"start":{"line":3,"column":18},"end":{"line":8,"column":2}}},"fnMap":{},"branchMap":{},"s":{"0":1},"f":{},"b":{},"_coverageSchema":"1a1c01bbd47fc00a2c39e90264f33305004495a9","hash":"a743fc273b67c351d4fe5ed95adf059d529ea312"}
,"C:\\Users\\nick-\\repos\\MyPets\\api\\src\\functions\\encrypt.js": {"path":"C:\\Users\\nick-\\repos\\MyPets\\api\\src\\functions\\encrypt.js","statementMap":{"0":{"start":{"line":3,"column":27},"end":{"line":7,"column":1}},"1":{"start":{"line":4,"column":2},"end":{"line":6,"column":10}},"2":{"start":{"line":9,"column":27},"end":{"line":15,"column":1}},"3":{"start":{"line":10,"column":2},"end":{"line":14,"column":10}}},"fnMap":{"0":{"name":"(anonymous_0)","decl":{"start":{"line":3,"column":27},"end":{"line":3,"column":28}},"loc":{"start":{"line":3,"column":35},"end":{"line":7,"column":1}},"line":3},"1":{"name":"(anonymous_1)","decl":{"start":{"line":9,"column":27},"end":{"line":9,"column":28}},"loc":{"start":{"line":9,"column":35},"end":{"line":15,"column":1}},"line":9}},"branchMap":{"0":{"loc":{"start":{"line":4,"column":9},"end":{"line":6,"column":10}},"type":"cond-expr","locations":[{"start":{"line":5,"column":6},"end":{"line":5,"column":89}},{"start":{"line":6,"column":6},"end":{"line":6,"column":10}}],"line":4},"1":{"loc":{"start":{"line":10,"column":9},"end":{"line":14,"column":10}},"type":"cond-expr","locations":[{"start":{"line":11,"column":6},"end":{"line":13,"column":36}},{"start":{"line":14,"column":6},"end":{"line":14,"column":10}}],"line":10}},"s":{"0":2,"1":12,"2":2,"3":23},"f":{"0":12,"1":23},"b":{"0":[11,1],"1":[22,1]},"_coverageSchema":"1a1c01bbd47fc00a2c39e90264f33305004495a9","hash":"ef68ce2b3af335e82a0c055e914a6bf292080df9"}
,"C:\\Users\\nick-\\repos\\MyPets\\api\\src\\functions\\parsers.js": {"path":"C:\\Users\\nick-\\repos\\MyPets\\api\\src\\functions\\parsers.js","statementMap":{"0":{"start":{"line":4,"column":26},"end":{"line":9,"column":1}},"1":{"start":{"line":5,"column":2},"end":{"line":8,"column":3}},"2":{"start":{"line":6,"column":36},"end":{"line":6,"column":47}},"3":{"start":{"line":11,"column":29},"end":{"line":17,"column":1}},"4":{"start":{"line":13,"column":4},"end":{"line":13,"column":91}},"5":{"start":{"line":14,"column":20},"end":{"line":14,"column":67}},"6":{"start":{"line":15,"column":28},"end":{"line":15,"column":79}},"7":{"start":{"line":16,"column":24},"end":{"line":16,"column":83}},"8":{"start":{"line":19,"column":35},"end":{"line":26,"column":1}},"9":{"start":{"line":20,"column":23},"end":{"line":20,"column":39}},"10":{"start":{"line":22,"column":2},"end":{"line":25,"column":3}},"11":{"start":{"line":24,"column":33},"end":{"line":24,"column":63}},"12":{"start":{"line":28,"column":21},"end":{"line":58,"column":1}},"13":{"start":{"line":32,"column":6},"end":{"line":34,"column":19}},"14":{"start":{"line":33,"column":20},"end":{"line":33,"column":39}},"15":{"start":{"line":39,"column":6},"end":{"line":44,"column":7}},"16":{"start":{"line":41,"column":10},"end":{"line":41,"column":53}},"17":{"start":{"line":43,"column":10},"end":{"line":43,"column":49}},"18":{"start":{"line":50,"column":6},"end":{"line":55,"column":7}},"19":{"start":{"line":52,"column":10},"end":{"line":52,"column":33}},"20":{"start":{"line":54,"column":10},"end":{"line":54,"column":24}}},"fnMap":{"0":{"name":"(anonymous_0)","decl":{"start":{"line":4,"column":26},"end":{"line":4,"column":27}},"loc":{"start":{"line":4,"column":45},"end":{"line":9,"column":1}},"line":4},"1":{"name":"(anonymous_1)","decl":{"start":{"line":6,"column":22},"end":{"line":6,"column":23}},"loc":{"start":{"line":6,"column":36},"end":{"line":6,"column":47}},"line":6},"2":{"name":"(anonymous_2)","decl":{"start":{"line":12,"column":11},"end":{"line":12,"column":12}},"loc":{"start":{"line":13,"column":4},"end":{"line":13,"column":91}},"line":13},"3":{"name":"(anonymous_3)","decl":{"start":{"line":14,"column":11},"end":{"line":14,"column":12}},"loc":{"start":{"line":14,"column":20},"end":{"line":14,"column":67}},"line":14},"4":{"name":"(anonymous_4)","decl":{"start":{"line":15,"column":18},"end":{"line":15,"column":19}},"loc":{"start":{"line":15,"column":28},"end":{"line":15,"column":79}},"line":15},"5":{"name":"(anonymous_5)","decl":{"start":{"line":16,"column":16},"end":{"line":16,"column":17}},"loc":{"start":{"line":16,"column":24},"end":{"line":16,"column":83}},"line":16},"6":{"name":"(anonymous_6)","decl":{"start":{"line":19,"column":35},"end":{"line":19,"column":36}},"loc":{"start":{"line":19,"column":59},"end":{"line":26,"column":1}},"line":19},"7":{"name":"(anonymous_7)","decl":{"start":{"line":24,"column":23},"end":{"line":24,"column":24}},"loc":{"start":{"line":24,"column":33},"end":{"line":24,"column":63}},"line":24},"8":{"name":"(anonymous_8)","decl":{"start":{"line":31,"column":8},"end":{"line":31,"column":9}},"loc":{"start":{"line":32,"column":6},"end":{"line":34,"column":19}},"line":32},"9":{"name":"(anonymous_9)","decl":{"start":{"line":33,"column":13},"end":{"line":33,"column":14}},"loc":{"start":{"line":33,"column":20},"end":{"line":33,"column":39}},"line":33},"10":{"name":"(anonymous_10)","decl":{"start":{"line":38,"column":8},"end":{"line":38,"column":9}},"loc":{"start":{"line":38,"column":30},"end":{"line":45,"column":5}},"line":38},"11":{"name":"(anonymous_11)","decl":{"start":{"line":49,"column":8},"end":{"line":49,"column":9}},"loc":{"start":{"line":49,"column":25},"end":{"line":56,"column":5}},"line":49}},"branchMap":{"0":{"loc":{"start":{"line":6,"column":4},"end":{"line":7,"column":40}},"type":"binary-expr","locations":[{"start":{"line":6,"column":4},"end":{"line":6,"column":67}},{"start":{"line":7,"column":4},"end":{"line":7,"column":40}}],"line":6},"1":{"loc":{"start":{"line":13,"column":36},"end":{"line":13,"column":64}},"type":"cond-expr","locations":[{"start":{"line":13,"column":49},"end":{"line":13,"column":55}},{"start":{"line":13,"column":58},"end":{"line":13,"column":64}}],"line":13},"2":{"loc":{"start":{"line":15,"column":59},"end":{"line":15,"column":77}},"type":"binary-expr","locations":[{"start":{"line":15,"column":59},"end":{"line":15,"column":65}},{"start":{"line":15,"column":69},"end":{"line":15,"column":77}}],"line":15},"3":{"loc":{"start":{"line":23,"column":4},"end":{"line":24,"column":64}},"type":"binary-expr","locations":[{"start":{"line":23,"column":4},"end":{"line":23,"column":48}},{"start":{"line":24,"column":4},"end":{"line":24,"column":64}}],"line":23},"4":{"loc":{"start":{"line":39,"column":6},"end":{"line":44,"column":7}},"type":"switch","locations":[{"start":{"line":40,"column":8},"end":{"line":41,"column":53}},{"start":{"line":42,"column":8},"end":{"line":43,"column":49}}],"line":39},"5":{"loc":{"start":{"line":50,"column":6},"end":{"line":55,"column":7}},"type":"switch","locations":[{"start":{"line":51,"column":8},"end":{"line":52,"column":33}},{"start":{"line":53,"column":8},"end":{"line":54,"column":24}}],"line":50}},"s":{"0":2,"1":7,"2":16,"3":2,"4":8,"5":5,"6":4,"7":0,"8":2,"9":7,"10":7,"11":10,"12":2,"13":2,"14":3,"15":1,"16":1,"17":0,"18":3,"19":2,"20":1},"f":{"0":7,"1":16,"2":8,"3":5,"4":4,"5":0,"6":7,"7":10,"8":2,"9":3,"10":1,"11":3},"b":{"0":[7,1],"1":[5,3],"2":[4,0],"3":[7,5],"4":[1,0],"5":[2,1]},"_coverageSchema":"1a1c01bbd47fc00a2c39e90264f33305004495a9","hash":"d2b0426f928ff22724105f5ca62b72ac0fa08149"}
,"C:\\Users\\nick-\\repos\\MyPets\\api\\src\\graphql\\resolvers\\Mutations.js": {"path":"C:\\Users\\nick-\\repos\\MyPets\\api\\src\\graphql\\resolvers\\Mutations.js","statementMap":{"0":{"start":{"line":10,"column":18},"end":{"line":108,"column":1}},"1":{"start":{"line":12,"column":4},"end":{"line":19,"column":5}},"2":{"start":{"line":13,"column":25},"end":{"line":13,"column":83}},"3":{"start":{"line":14,"column":20},"end":{"line":14,"column":56}},"4":{"start":{"line":16,"column":6},"end":{"line":16,"column":46}},"5":{"start":{"line":18,"column":6},"end":{"line":18,"column":88}},"6":{"start":{"line":22,"column":4},"end":{"line":34,"column":5}},"7":{"start":{"line":23,"column":28},"end":{"line":26,"column":8}},"8":{"start":{"line":28,"column":6},"end":{"line":28,"column":32}},"9":{"start":{"line":29,"column":20},"end":{"line":29,"column":59}},"10":{"start":{"line":31,"column":6},"end":{"line":31,"column":49}},"11":{"start":{"line":33,"column":6},"end":{"line":33,"column":88}},"12":{"start":{"line":37,"column":4},"end":{"line":39,"column":5}},"13":{"start":{"line":38,"column":6},"end":{"line":38,"column":82}},"14":{"start":{"line":41,"column":27},"end":{"line":41,"column":47}},"15":{"start":{"line":42,"column":29},"end":{"line":42,"column":70}},"16":{"start":{"line":44,"column":4},"end":{"line":46,"column":5}},"17":{"start":{"line":45,"column":6},"end":{"line":45,"column":80}},"18":{"start":{"line":48,"column":4},"end":{"line":55,"column":5}},"19":{"start":{"line":49,"column":6},"end":{"line":49,"column":78}},"20":{"start":{"line":49,"column":43},"end":{"line":49,"column":76}},"21":{"start":{"line":50,"column":6},"end":{"line":50,"column":29}},"22":{"start":{"line":52,"column":6},"end":{"line":52,"column":32}},"23":{"start":{"line":54,"column":6},"end":{"line":54,"column":88}},"24":{"start":{"line":58,"column":4},"end":{"line":60,"column":5}},"25":{"start":{"line":59,"column":6},"end":{"line":59,"column":82}},"26":{"start":{"line":62,"column":26},"end":{"line":62,"column":48}},"27":{"start":{"line":63,"column":29},"end":{"line":63,"column":69}},"28":{"start":{"line":65,"column":4},"end":{"line":67,"column":5}},"29":{"start":{"line":66,"column":6},"end":{"line":66,"column":80}},"30":{"start":{"line":69,"column":4},"end":{"line":71,"column":5}},"31":{"start":{"line":70,"column":6},"end":{"line":70,"column":70}},"32":{"start":{"line":73,"column":4},"end":{"line":83,"column":5}},"33":{"start":{"line":74,"column":6},"end":{"line":74,"column":79}},"34":{"start":{"line":75,"column":6},"end":{"line":75,"column":53}},"35":{"start":{"line":77,"column":6},"end":{"line":77,"column":29}},"36":{"start":{"line":79,"column":6},"end":{"line":79,"column":17}},"37":{"start":{"line":81,"column":23},"end":{"line":81,"column":99}},"38":{"start":{"line":82,"column":6},"end":{"line":82,"column":71}},"39":{"start":{"line":86,"column":4},"end":{"line":88,"column":5}},"40":{"start":{"line":87,"column":6},"end":{"line":87,"column":82}},"41":{"start":{"line":90,"column":4},"end":{"line":96,"column":5}},"42":{"start":{"line":91,"column":6},"end":{"line":91,"column":84}},"43":{"start":{"line":91,"column":61},"end":{"line":91,"column":83}},"44":{"start":{"line":92,"column":6},"end":{"line":92,"column":29}},"45":{"start":{"line":93,"column":6},"end":{"line":93,"column":17}},"46":{"start":{"line":95,"column":6},"end":{"line":95,"column":88}}},"fnMap":{"0":{"name":"(anonymous_0)","decl":{"start":{"line":11,"column":13},"end":{"line":11,"column":14}},"loc":{"start":{"line":11,"column":47},"end":{"line":20,"column":3}},"line":11},"1":{"name":"(anonymous_1)","decl":{"start":{"line":21,"column":14},"end":{"line":21,"column":15}},"loc":{"start":{"line":21,"column":40},"end":{"line":35,"column":3}},"line":21},"2":{"name":"(anonymous_2)","decl":{"start":{"line":36,"column":14},"end":{"line":36,"column":15}},"loc":{"start":{"line":36,"column":49},"end":{"line":56,"column":3}},"line":36},"3":{"name":"(anonymous_3)","decl":{"start":{"line":49,"column":32},"end":{"line":49,"column":33}},"loc":{"start":{"line":49,"column":43},"end":{"line":49,"column":76}},"line":49},"4":{"name":"(anonymous_4)","decl":{"start":{"line":57,"column":14},"end":{"line":57,"column":15}},"loc":{"start":{"line":57,"column":49},"end":{"line":84,"column":3}},"line":57},"5":{"name":"(anonymous_5)","decl":{"start":{"line":85,"column":10},"end":{"line":85,"column":11}},"loc":{"start":{"line":85,"column":50},"end":{"line":97,"column":3}},"line":85},"6":{"name":"(anonymous_6)","decl":{"start":{"line":91,"column":51},"end":{"line":91,"column":52}},"loc":{"start":{"line":91,"column":61},"end":{"line":91,"column":83}},"line":91}},"branchMap":{"0":{"loc":{"start":{"line":37,"column":4},"end":{"line":39,"column":5}},"type":"if","locations":[{"start":{"line":37,"column":4},"end":{"line":39,"column":5}},{"start":{"line":37,"column":4},"end":{"line":39,"column":5}}],"line":37},"1":{"loc":{"start":{"line":44,"column":4},"end":{"line":46,"column":5}},"type":"if","locations":[{"start":{"line":44,"column":4},"end":{"line":46,"column":5}},{"start":{"line":44,"column":4},"end":{"line":46,"column":5}}],"line":44},"2":{"loc":{"start":{"line":58,"column":4},"end":{"line":60,"column":5}},"type":"if","locations":[{"start":{"line":58,"column":4},"end":{"line":60,"column":5}},{"start":{"line":58,"column":4},"end":{"line":60,"column":5}}],"line":58},"3":{"loc":{"start":{"line":65,"column":4},"end":{"line":67,"column":5}},"type":"if","locations":[{"start":{"line":65,"column":4},"end":{"line":67,"column":5}},{"start":{"line":65,"column":4},"end":{"line":67,"column":5}}],"line":65},"4":{"loc":{"start":{"line":69,"column":4},"end":{"line":71,"column":5}},"type":"if","locations":[{"start":{"line":69,"column":4},"end":{"line":71,"column":5}},{"start":{"line":69,"column":4},"end":{"line":71,"column":5}}],"line":69},"5":{"loc":{"start":{"line":81,"column":23},"end":{"line":81,"column":99}},"type":"cond-expr","locations":[{"start":{"line":81,"column":60},"end":{"line":81,"column":79}},{"start":{"line":81,"column":82},"end":{"line":81,"column":99}}],"line":81},"6":{"loc":{"start":{"line":86,"column":4},"end":{"line":88,"column":5}},"type":"if","locations":[{"start":{"line":86,"column":4},"end":{"line":88,"column":5}},{"start":{"line":86,"column":4},"end":{"line":88,"column":5}}],"line":86},"7":{"loc":{"start":{"line":86,"column":8},"end":{"line":86,"column":29}},"type":"binary-expr","locations":[{"start":{"line":86,"column":8},"end":{"line":86,"column":19}},{"start":{"line":86,"column":23},"end":{"line":86,"column":29}}],"line":86}},"s":{"0":1,"1":3,"2":3,"3":1,"4":1,"5":2,"6":13,"7":13,"8":12,"9":11,"10":11,"11":2,"12":3,"13":1,"14":2,"15":2,"16":2,"17":1,"18":1,"19":1,"20":2,"21":1,"22":1,"23":0,"24":6,"25":1,"26":5,"27":5,"28":5,"29":1,"30":4,"31":1,"32":3,"33":3,"34":2,"35":2,"36":1,"37":2,"38":2,"39":2,"40":1,"41":1,"42":1,"43":1,"44":1,"45":1,"46":0},"f":{"0":3,"1":13,"2":3,"3":2,"4":6,"5":2,"6":1},"b":{"0":[1,2],"1":[1,1],"2":[1,5],"3":[1,4],"4":[1,3],"5":[1,1],"6":[1,1],"7":[2,1]},"_coverageSchema":"1a1c01bbd47fc00a2c39e90264f33305004495a9","hash":"c0a494c56cced5bd7f8446a2a889ed1490a1087d"}
,"C:\\Users\\nick-\\repos\\MyPets\\api\\src\\graphql\\resolvers\\Queries.js": {"path":"C:\\Users\\nick-\\repos\\MyPets\\api\\src\\graphql\\resolvers\\Queries.js","statementMap":{"0":{"start":{"line":1,"column":16},"end":{"line":10,"column":1}},"1":{"start":{"line":3,"column":4},"end":{"line":8,"column":5}}},"fnMap":{"0":{"name":"(anonymous_0)","decl":{"start":{"line":2,"column":11},"end":{"line":2,"column":12}},"loc":{"start":{"line":2,"column":51},"end":{"line":9,"column":3}},"line":2}},"branchMap":{},"s":{"0":1,"1":1},"f":{"0":1},"b":{},"_coverageSchema":"1a1c01bbd47fc00a2c39e90264f33305004495a9","hash":"fb3c19dfcec4f90d1181195130e7f398fe0a2b09"}
}
