{"C:\\Users\\nick-\\Projects\\MyPets\\Api\\config\\errors.js": {"path":"C:\\Users\\nick-\\Projects\\MyPets\\Api\\config\\errors.js","statementMap":{"0":{"start":{"line":1,"column":19},"end":{"line":3,"column":1}},"1":{"start":{"line":5,"column":18},"end":{"line":15,"column":1}},"2":{"start":{"line":7,"column":25},"end":{"line":7,"column":83}},"3":{"start":{"line":13,"column":20},"end":{"line":13,"column":67}},"4":{"start":{"line":14,"column":28},"end":{"line":14,"column":74}},"5":{"start":{"line":17,"column":28},"end":{"line":27,"column":1}},"6":{"start":{"line":18,"column":20},"end":{"line":22,"column":38}},"7":{"start":{"line":20,"column":20},"end":{"line":20,"column":45}},"8":{"start":{"line":23,"column":2},"end":{"line":26,"column":3}},"9":{"start":{"line":29,"column":0},"end":{"line":33,"column":1}}},"fnMap":{"0":{"name":"(anonymous_0)","decl":{"start":{"line":7,"column":7},"end":{"line":7,"column":8}},"loc":{"start":{"line":7,"column":25},"end":{"line":7,"column":83}},"line":7},"1":{"name":"(anonymous_1)","decl":{"start":{"line":13,"column":11},"end":{"line":13,"column":12}},"loc":{"start":{"line":13,"column":20},"end":{"line":13,"column":67}},"line":13},"2":{"name":"(anonymous_2)","decl":{"start":{"line":14,"column":18},"end":{"line":14,"column":19}},"loc":{"start":{"line":14,"column":28},"end":{"line":14,"column":74}},"line":14},"3":{"name":"(anonymous_3)","decl":{"start":{"line":17,"column":28},"end":{"line":17,"column":29}},"loc":{"start":{"line":17,"column":47},"end":{"line":27,"column":1}},"line":17},"4":{"name":"(anonymous_4)","decl":{"start":{"line":20,"column":13},"end":{"line":20,"column":14}},"loc":{"start":{"line":20,"column":20},"end":{"line":20,"column":45}},"line":20}},"branchMap":{"0":{"loc":{"start":{"line":18,"column":20},"end":{"line":22,"column":38}},"type":"cond-expr","locations":[{"start":{"line":19,"column":6},"end":{"line":21,"column":19}},{"start":{"line":22,"column":6},"end":{"line":22,"column":38}}],"line":18}},"s":{"0":2,"1":2,"2":9,"3":19,"4":1,"5":2,"6":9,"7":8,"8":9,"9":2},"f":{"0":9,"1":19,"2":1,"3":9,"4":8},"b":{"0":[8,1]},"_coverageSchema":"1a1c01bbd47fc00a2c39e90264f33305004495a9","hash":"6000b14706251c0f967e5b6aae65eb62f5530b11"}
,"C:\\Users\\nick-\\Projects\\MyPets\\Api\\config\\routes.js": {"path":"C:\\Users\\nick-\\Projects\\MyPets\\Api\\config\\routes.js","statementMap":{"0":{"start":{"line":1,"column":21},"end":{"line":7,"column":1}},"1":{"start":{"line":9,"column":0},"end":{"line":11,"column":1}}},"fnMap":{},"branchMap":{},"s":{"0":2,"1":2},"f":{},"b":{},"_coverageSchema":"1a1c01bbd47fc00a2c39e90264f33305004495a9","hash":"0ddbf07214f0ba92048733db85673a7a3ba16d19"}
,"C:\\Users\\nick-\\Projects\\MyPets\\Api\\src\\app.js": {"path":"C:\\Users\\nick-\\Projects\\MyPets\\Api\\src\\app.js","statementMap":{"0":{"start":{"line":1,"column":16},"end":{"line":1,"column":34}},"1":{"start":{"line":2,"column":13},"end":{"line":2,"column":28}},"2":{"start":{"line":3,"column":0},"end":{"line":3,"column":14}},"3":{"start":{"line":4,"column":13},"end":{"line":4,"column":28}},"4":{"start":{"line":6,"column":17},"end":{"line":6,"column":41}},"5":{"start":{"line":8,"column":12},"end":{"line":8,"column":21}},"6":{"start":{"line":10,"column":20},"end":{"line":10,"column":51}},"7":{"start":{"line":11,"column":26},"end":{"line":11,"column":63}},"8":{"start":{"line":13,"column":0},"end":{"line":13,"column":21}},"9":{"start":{"line":15,"column":0},"end":{"line":15,"column":23}},"10":{"start":{"line":17,"column":0},"end":{"line":17,"column":15}},"11":{"start":{"line":19,"column":0},"end":{"line":19,"column":20}},"12":{"start":{"line":20,"column":0},"end":{"line":20,"column":26}},"13":{"start":{"line":23,"column":19},"end":{"line":23,"column":52}},"14":{"start":{"line":24,"column":18},"end":{"line":24,"column":60}},"15":{"start":{"line":26,"column":0},"end":{"line":26,"column":29}},"16":{"start":{"line":27,"column":0},"end":{"line":27,"column":27}},"17":{"start":{"line":29,"column":0},"end":{"line":29,"column":35}},"18":{"start":{"line":31,"column":0},"end":{"line":39,"column":2}},"19":{"start":{"line":32,"column":68},"end":{"line":32,"column":79}},"20":{"start":{"line":34,"column":2},"end":{"line":38,"column":4}},"21":{"start":{"line":41,"column":0},"end":{"line":41,"column":20}}},"fnMap":{"0":{"name":"(anonymous_0)","decl":{"start":{"line":31,"column":13},"end":{"line":31,"column":14}},"loc":{"start":{"line":31,"column":36},"end":{"line":39,"column":1}},"line":31}},"branchMap":{},"s":{"0":2,"1":2,"2":2,"3":2,"4":2,"5":2,"6":2,"7":2,"8":2,"9":2,"10":2,"11":2,"12":2,"13":2,"14":2,"15":2,"16":2,"17":2,"18":2,"19":0,"20":0,"21":2},"f":{"0":0},"b":{},"_coverageSchema":"1a1c01bbd47fc00a2c39e90264f33305004495a9","hash":"e257971a3c5d624b8f12ac7ff05ed57829c83f4d"}
,"C:\\Users\\nick-\\Projects\\MyPets\\Api\\src\\db\\mongoose.js": {"path":"C:\\Users\\nick-\\Projects\\MyPets\\Api\\src\\db\\mongoose.js","statementMap":{"0":{"start":{"line":1,"column":17},"end":{"line":1,"column":36}},"1":{"start":{"line":3,"column":0},"end":{"line":8,"column":2}},"2":{"start":{"line":10,"column":0},"end":{"line":10,"column":25}}},"fnMap":{},"branchMap":{},"s":{"0":2,"1":2,"2":2},"f":{},"b":{},"_coverageSchema":"1a1c01bbd47fc00a2c39e90264f33305004495a9","hash":"70491e15964ae1c60362d6409787d9a4bd29f841"}
,"C:\\Users\\nick-\\Projects\\MyPets\\Api\\src\\middleware\\auth.js": {"path":"C:\\Users\\nick-\\Projects\\MyPets\\Api\\src\\middleware\\auth.js","statementMap":{"0":{"start":{"line":1,"column":12},"end":{"line":1,"column":35}},"1":{"start":{"line":3,"column":13},"end":{"line":3,"column":44}},"2":{"start":{"line":5,"column":22},"end":{"line":5,"column":52}},"3":{"start":{"line":7,"column":13},"end":{"line":23,"column":1}},"4":{"start":{"line":8,"column":2},"end":{"line":22,"column":3}},"5":{"start":{"line":9,"column":18},"end":{"line":9,"column":72}},"6":{"start":{"line":10,"column":25},"end":{"line":10,"column":66}},"7":{"start":{"line":11,"column":19},"end":{"line":11,"column":87}},"8":{"start":{"line":13,"column":4},"end":{"line":15,"column":5}},"9":{"start":{"line":14,"column":6},"end":{"line":14,"column":23}},"10":{"start":{"line":17,"column":4},"end":{"line":17,"column":25}},"11":{"start":{"line":18,"column":4},"end":{"line":18,"column":25}},"12":{"start":{"line":19,"column":4},"end":{"line":19,"column":10}},"13":{"start":{"line":21,"column":4},"end":{"line":21,"column":76}},"14":{"start":{"line":25,"column":0},"end":{"line":25,"column":21}}},"fnMap":{"0":{"name":"(anonymous_0)","decl":{"start":{"line":7,"column":13},"end":{"line":7,"column":14}},"loc":{"start":{"line":7,"column":48},"end":{"line":23,"column":1}},"line":7}},"branchMap":{"0":{"loc":{"start":{"line":13,"column":4},"end":{"line":15,"column":5}},"type":"if","locations":[{"start":{"line":13,"column":4},"end":{"line":15,"column":5}},{"start":{"line":13,"column":4},"end":{"line":15,"column":5}}],"line":13}},"s":{"0":2,"1":2,"2":2,"3":2,"4":12,"5":12,"6":12,"7":12,"8":12,"9":2,"10":10,"11":10,"12":10,"13":2,"14":2},"f":{"0":12},"b":{"0":[2,10]},"_coverageSchema":"1a1c01bbd47fc00a2c39e90264f33305004495a9","hash":"a13bb27770047eed65a0ae8f4d8024753ae59b65"}
,"C:\\Users\\nick-\\Projects\\MyPets\\Api\\src\\models\\transaction.model.js": {"path":"C:\\Users\\nick-\\Projects\\MyPets\\Api\\src\\models\\transaction.model.js","statementMap":{"0":{"start":{"line":1,"column":17},"end":{"line":1,"column":36}},"1":{"start":{"line":3,"column":22},"end":{"line":3,"column":52}},"2":{"start":{"line":5,"column":26},"end":{"line":34,"column":1}},"3":{"start":{"line":36,"column":20},"end":{"line":36,"column":68}},"4":{"start":{"line":38,"column":0},"end":{"line":38,"column":28}}},"fnMap":{},"branchMap":{},"s":{"0":2,"1":2,"2":2,"3":2,"4":2},"f":{},"b":{},"_coverageSchema":"1a1c01bbd47fc00a2c39e90264f33305004495a9","hash":"115a5917ad5a12e21200759e48f1987f7cb589cd"}
,"C:\\Users\\nick-\\Projects\\MyPets\\Api\\src\\models\\user.model.js": {"path":"C:\\Users\\nick-\\Projects\\MyPets\\Api\\src\\models\\user.model.js","statementMap":{"0":{"start":{"line":1,"column":17},"end":{"line":1,"column":36}},"1":{"start":{"line":2,"column":18},"end":{"line":2,"column":38}},"2":{"start":{"line":3,"column":15},"end":{"line":3,"column":34}},"3":{"start":{"line":4,"column":12},"end":{"line":4,"column":35}},"4":{"start":{"line":6,"column":22},"end":{"line":6,"column":52}},"5":{"start":{"line":8,"column":19},"end":{"line":53,"column":1}},"6":{"start":{"line":30,"column":8},"end":{"line":32,"column":9}},"7":{"start":{"line":31,"column":10},"end":{"line":31,"column":44}},"8":{"start":{"line":56,"column":0},"end":{"line":63,"column":1}},"9":{"start":{"line":65,"column":0},"end":{"line":79,"column":1}},"10":{"start":{"line":66,"column":17},"end":{"line":66,"column":46}},"11":{"start":{"line":68,"column":2},"end":{"line":70,"column":3}},"12":{"start":{"line":69,"column":4},"end":{"line":69,"column":38}},"13":{"start":{"line":72,"column":15},"end":{"line":72,"column":62}},"14":{"start":{"line":74,"column":2},"end":{"line":76,"column":3}},"15":{"start":{"line":75,"column":4},"end":{"line":75,"column":38}},"16":{"start":{"line":78,"column":2},"end":{"line":78,"column":15}},"17":{"start":{"line":82,"column":0},"end":{"line":89,"column":1}},"18":{"start":{"line":83,"column":15},"end":{"line":83,"column":19}},"19":{"start":{"line":84,"column":16},"end":{"line":84,"column":78}},"20":{"start":{"line":86,"column":2},"end":{"line":86,"column":45}},"21":{"start":{"line":87,"column":2},"end":{"line":87,"column":19}},"22":{"start":{"line":88,"column":2},"end":{"line":88,"column":14}},"23":{"start":{"line":92,"column":0},"end":{"line":100,"column":2}},"24":{"start":{"line":93,"column":15},"end":{"line":93,"column":19}},"25":{"start":{"line":95,"column":2},"end":{"line":97,"column":3}},"26":{"start":{"line":96,"column":4},"end":{"line":96,"column":55}},"27":{"start":{"line":99,"column":2},"end":{"line":99,"column":8}},"28":{"start":{"line":102,"column":0},"end":{"line":114,"column":1}},"29":{"start":{"line":103,"column":15},"end":{"line":103,"column":19}},"30":{"start":{"line":104,"column":18},"end":{"line":104,"column":33}},"31":{"start":{"line":106,"column":2},"end":{"line":106,"column":25}},"32":{"start":{"line":107,"column":2},"end":{"line":107,"column":23}},"33":{"start":{"line":108,"column":2},"end":{"line":108,"column":26}},"34":{"start":{"line":109,"column":2},"end":{"line":109,"column":26}},"35":{"start":{"line":110,"column":2},"end":{"line":110,"column":20}},"36":{"start":{"line":111,"column":2},"end":{"line":111,"column":20}},"37":{"start":{"line":113,"column":2},"end":{"line":113,"column":16}},"38":{"start":{"line":116,"column":13},"end":{"line":116,"column":47}},"39":{"start":{"line":118,"column":0},"end":{"line":118,"column":21}}},"fnMap":{"0":{"name":"(anonymous_0)","decl":{"start":{"line":29,"column":16},"end":{"line":29,"column":17}},"loc":{"start":{"line":29,"column":25},"end":{"line":33,"column":7}},"line":29},"1":{"name":"(anonymous_1)","decl":{"start":{"line":65,"column":39},"end":{"line":65,"column":40}},"loc":{"start":{"line":65,"column":66},"end":{"line":79,"column":1}},"line":65},"2":{"name":"(anonymous_2)","decl":{"start":{"line":82,"column":39},"end":{"line":82,"column":40}},"loc":{"start":{"line":82,"column":57},"end":{"line":89,"column":1}},"line":82},"3":{"name":"(anonymous_3)","decl":{"start":{"line":92,"column":23},"end":{"line":92,"column":24}},"loc":{"start":{"line":92,"column":45},"end":{"line":100,"column":1}},"line":92},"4":{"name":"(anonymous_4)","decl":{"start":{"line":102,"column":28},"end":{"line":102,"column":29}},"loc":{"start":{"line":102,"column":40},"end":{"line":114,"column":1}},"line":102}},"branchMap":{"0":{"loc":{"start":{"line":30,"column":8},"end":{"line":32,"column":9}},"type":"if","locations":[{"start":{"line":30,"column":8},"end":{"line":32,"column":9}},{"start":{"line":30,"column":8},"end":{"line":32,"column":9}}],"line":30},"1":{"loc":{"start":{"line":68,"column":2},"end":{"line":70,"column":3}},"type":"if","locations":[{"start":{"line":68,"column":2},"end":{"line":70,"column":3}},{"start":{"line":68,"column":2},"end":{"line":70,"column":3}}],"line":68},"2":{"loc":{"start":{"line":74,"column":2},"end":{"line":76,"column":3}},"type":"if","locations":[{"start":{"line":74,"column":2},"end":{"line":76,"column":3}},{"start":{"line":74,"column":2},"end":{"line":76,"column":3}}],"line":74},"3":{"loc":{"start":{"line":95,"column":2},"end":{"line":97,"column":3}},"type":"if","locations":[{"start":{"line":95,"column":2},"end":{"line":97,"column":3}},{"start":{"line":95,"column":2},"end":{"line":97,"column":3}}],"line":95}},"s":{"0":2,"1":2,"2":2,"3":2,"4":2,"5":2,"6":38,"7":1,"8":2,"9":2,"10":5,"11":5,"12":3,"13":2,"14":2,"15":1,"16":1,"17":2,"18":14,"19":14,"20":14,"21":14,"22":14,"23":2,"24":31,"25":31,"26":14,"27":31,"28":2,"29":19,"30":19,"31":19,"32":19,"33":19,"34":19,"35":19,"36":19,"37":19,"38":2,"39":2},"f":{"0":38,"1":5,"2":14,"3":31,"4":19},"b":{"0":[1,37],"1":[3,2],"2":[1,1],"3":[14,17]},"_coverageSchema":"1a1c01bbd47fc00a2c39e90264f33305004495a9","hash":"9d95d4784f98e1590a469628925f57b50de286b9"}
,"C:\\Users\\nick-\\Projects\\MyPets\\Api\\src\\routes\\transaction.route.js": {"path":"C:\\Users\\nick-\\Projects\\MyPets\\Api\\src\\routes\\transaction.route.js","statementMap":{"0":{"start":{"line":1,"column":16},"end":{"line":1,"column":34}},"1":{"start":{"line":2,"column":15},"end":{"line":2,"column":35}},"2":{"start":{"line":4,"column":22},"end":{"line":4,"column":51}},"3":{"start":{"line":6,"column":20},"end":{"line":6,"column":58}},"4":{"start":{"line":8,"column":0},"end":{"line":17,"column":2}},"5":{"start":{"line":9,"column":2},"end":{"line":16,"column":3}},"6":{"start":{"line":10,"column":25},"end":{"line":10,"column":75}},"7":{"start":{"line":11,"column":4},"end":{"line":11,"column":48}},"8":{"start":{"line":13,"column":4},"end":{"line":13,"column":31}},"9":{"start":{"line":15,"column":4},"end":{"line":15,"column":36}},"10":{"start":{"line":19,"column":0},"end":{"line":31,"column":2}},"11":{"start":{"line":20,"column":25},"end":{"line":23,"column":4}},"12":{"start":{"line":25,"column":2},"end":{"line":30,"column":3}},"13":{"start":{"line":26,"column":4},"end":{"line":26,"column":31}},"14":{"start":{"line":27,"column":4},"end":{"line":27,"column":45}},"15":{"start":{"line":29,"column":4},"end":{"line":29,"column":36}},"16":{"start":{"line":33,"column":0},"end":{"line":33,"column":23}}},"fnMap":{"0":{"name":"(anonymous_0)","decl":{"start":{"line":8,"column":43},"end":{"line":8,"column":44}},"loc":{"start":{"line":8,"column":72},"end":{"line":17,"column":1}},"line":8},"1":{"name":"(anonymous_1)","decl":{"start":{"line":19,"column":44},"end":{"line":19,"column":45}},"loc":{"start":{"line":19,"column":73},"end":{"line":31,"column":1}},"line":19}},"branchMap":{"0":{"loc":{"start":{"line":11,"column":4},"end":{"line":11,"column":48}},"type":"binary-expr","locations":[{"start":{"line":11,"column":4},"end":{"line":11,"column":17}},{"start":{"line":11,"column":21},"end":{"line":11,"column":48}}],"line":11}},"s":{"0":2,"1":2,"2":2,"3":2,"4":2,"5":0,"6":0,"7":0,"8":0,"9":0,"10":2,"11":2,"12":2,"13":2,"14":1,"15":1,"16":2},"f":{"0":0,"1":2},"b":{"0":[0,0]},"_coverageSchema":"1a1c01bbd47fc00a2c39e90264f33305004495a9","hash":"99b3f432ce416c3379aec139c516c04bc310b726"}
,"C:\\Users\\nick-\\Projects\\MyPets\\Api\\src\\routes\\users.route.js": {"path":"C:\\Users\\nick-\\Projects\\MyPets\\Api\\src\\routes\\users.route.js","statementMap":{"0":{"start":{"line":1,"column":16},"end":{"line":1,"column":34}},"1":{"start":{"line":2,"column":17},"end":{"line":2,"column":37}},"2":{"start":{"line":3,"column":15},"end":{"line":3,"column":35}},"3":{"start":{"line":5,"column":22},"end":{"line":5,"column":51}},"4":{"start":{"line":7,"column":13},"end":{"line":7,"column":44}},"5":{"start":{"line":9,"column":43},"end":{"line":9,"column":73}},"6":{"start":{"line":11,"column":25},"end":{"line":11,"column":55}},"7":{"start":{"line":14,"column":0},"end":{"line":27,"column":2}},"8":{"start":{"line":15,"column":18},"end":{"line":18,"column":4}},"9":{"start":{"line":20,"column":2},"end":{"line":26,"column":3}},"10":{"start":{"line":21,"column":4},"end":{"line":21,"column":24}},"11":{"start":{"line":22,"column":18},"end":{"line":22,"column":51}},"12":{"start":{"line":23,"column":4},"end":{"line":23,"column":49}},"13":{"start":{"line":25,"column":4},"end":{"line":25,"column":65}},"14":{"start":{"line":30,"column":0},"end":{"line":36,"column":2}},"15":{"start":{"line":31,"column":2},"end":{"line":35,"column":3}},"16":{"start":{"line":32,"column":4},"end":{"line":32,"column":31}},"17":{"start":{"line":34,"column":4},"end":{"line":34,"column":36}},"18":{"start":{"line":39,"column":0},"end":{"line":63,"column":2}},"19":{"start":{"line":40,"column":18},"end":{"line":40,"column":43}},"20":{"start":{"line":41,"column":25},"end":{"line":41,"column":66}},"21":{"start":{"line":43,"column":27},"end":{"line":45,"column":3}},"22":{"start":{"line":44,"column":4},"end":{"line":44,"column":35}},"23":{"start":{"line":47,"column":2},"end":{"line":49,"column":3}},"24":{"start":{"line":48,"column":4},"end":{"line":48,"column":66}},"25":{"start":{"line":51,"column":2},"end":{"line":62,"column":3}},"26":{"start":{"line":52,"column":4},"end":{"line":52,"column":76}},"27":{"start":{"line":52,"column":31},"end":{"line":52,"column":74}},"28":{"start":{"line":53,"column":4},"end":{"line":53,"column":29}},"29":{"start":{"line":55,"column":4},"end":{"line":57,"column":5}},"30":{"start":{"line":56,"column":6},"end":{"line":56,"column":40}},"31":{"start":{"line":59,"column":4},"end":{"line":59,"column":31}},"32":{"start":{"line":61,"column":4},"end":{"line":61,"column":65}},"33":{"start":{"line":66,"column":0},"end":{"line":73,"column":2}},"34":{"start":{"line":67,"column":2},"end":{"line":72,"column":3}},"35":{"start":{"line":68,"column":4},"end":{"line":68,"column":31}},"36":{"start":{"line":69,"column":4},"end":{"line":69,"column":31}},"37":{"start":{"line":71,"column":4},"end":{"line":71,"column":36}},"38":{"start":{"line":76,"column":0},"end":{"line":85,"column":2}},"39":{"start":{"line":77,"column":2},"end":{"line":84,"column":3}},"40":{"start":{"line":78,"column":32},"end":{"line":78,"column":44}},"41":{"start":{"line":79,"column":23},"end":{"line":79,"column":81}},"42":{"start":{"line":80,"column":18},"end":{"line":80,"column":54}},"43":{"start":{"line":81,"column":4},"end":{"line":81,"column":40}},"44":{"start":{"line":83,"column":4},"end":{"line":83,"column":36}},"45":{"start":{"line":88,"column":0},"end":{"line":104,"column":1}},"46":{"start":{"line":92,"column":4},"end":{"line":98,"column":5}},"47":{"start":{"line":93,"column":6},"end":{"line":93,"column":94}},"48":{"start":{"line":93,"column":64},"end":{"line":93,"column":93}},"49":{"start":{"line":94,"column":6},"end":{"line":94,"column":31}},"50":{"start":{"line":95,"column":6},"end":{"line":95,"column":25}},"51":{"start":{"line":97,"column":6},"end":{"line":97,"column":38}},"52":{"start":{"line":102,"column":4},"end":{"line":102,"column":55}},"53":{"start":{"line":107,"column":0},"end":{"line":115,"column":2}},"54":{"start":{"line":108,"column":2},"end":{"line":114,"column":3}},"55":{"start":{"line":109,"column":4},"end":{"line":109,"column":28}},"56":{"start":{"line":110,"column":4},"end":{"line":110,"column":29}},"57":{"start":{"line":111,"column":4},"end":{"line":111,"column":23}},"58":{"start":{"line":113,"column":4},"end":{"line":113,"column":36}},"59":{"start":{"line":117,"column":20},"end":{"line":123,"column":1}},"60":{"start":{"line":118,"column":2},"end":{"line":122,"column":10}},"61":{"start":{"line":125,"column":0},"end":{"line":125,"column":23}}},"fnMap":{"0":{"name":"(anonymous_0)","decl":{"start":{"line":14,"column":31},"end":{"line":14,"column":32}},"loc":{"start":{"line":14,"column":60},"end":{"line":27,"column":1}},"line":14},"1":{"name":"(anonymous_1)","decl":{"start":{"line":30,"column":43},"end":{"line":30,"column":44}},"loc":{"start":{"line":30,"column":72},"end":{"line":36,"column":1}},"line":30},"2":{"name":"(anonymous_2)","decl":{"start":{"line":39,"column":45},"end":{"line":39,"column":46}},"loc":{"start":{"line":39,"column":74},"end":{"line":63,"column":1}},"line":39},"3":{"name":"(anonymous_3)","decl":{"start":{"line":43,"column":59},"end":{"line":43,"column":60}},"loc":{"start":{"line":44,"column":4},"end":{"line":44,"column":35}},"line":44},"4":{"name":"(anonymous_4)","decl":{"start":{"line":52,"column":20},"end":{"line":52,"column":21}},"loc":{"start":{"line":52,"column":31},"end":{"line":52,"column":74}},"line":52},"5":{"name":"(anonymous_5)","decl":{"start":{"line":66,"column":46},"end":{"line":66,"column":47}},"loc":{"start":{"line":66,"column":75},"end":{"line":73,"column":1}},"line":66},"6":{"name":"(anonymous_6)","decl":{"start":{"line":76,"column":32},"end":{"line":76,"column":33}},"loc":{"start":{"line":76,"column":61},"end":{"line":85,"column":1}},"line":76},"7":{"name":"(anonymous_7)","decl":{"start":{"line":91,"column":2},"end":{"line":91,"column":3}},"loc":{"start":{"line":91,"column":31},"end":{"line":99,"column":3}},"line":91},"8":{"name":"(anonymous_8)","decl":{"start":{"line":93,"column":55},"end":{"line":93,"column":56}},"loc":{"start":{"line":93,"column":64},"end":{"line":93,"column":93}},"line":93},"9":{"name":"(anonymous_9)","decl":{"start":{"line":100,"column":2},"end":{"line":100,"column":3}},"loc":{"start":{"line":100,"column":32},"end":{"line":103,"column":3}},"line":100},"10":{"name":"(anonymous_10)","decl":{"start":{"line":107,"column":52},"end":{"line":107,"column":53}},"loc":{"start":{"line":107,"column":81},"end":{"line":115,"column":1}},"line":107},"11":{"name":"(anonymous_11)","decl":{"start":{"line":117,"column":20},"end":{"line":117,"column":21}},"loc":{"start":{"line":117,"column":28},"end":{"line":123,"column":1}},"line":117}},"branchMap":{"0":{"loc":{"start":{"line":47,"column":2},"end":{"line":49,"column":3}},"type":"if","locations":[{"start":{"line":47,"column":2},"end":{"line":49,"column":3}},{"start":{"line":47,"column":2},"end":{"line":49,"column":3}}],"line":47},"1":{"loc":{"start":{"line":55,"column":4},"end":{"line":57,"column":5}},"type":"if","locations":[{"start":{"line":55,"column":4},"end":{"line":57,"column":5}},{"start":{"line":55,"column":4},"end":{"line":57,"column":5}}],"line":55},"2":{"loc":{"start":{"line":118,"column":9},"end":{"line":122,"column":10}},"type":"cond-expr","locations":[{"start":{"line":119,"column":6},"end":{"line":121,"column":36}},{"start":{"line":122,"column":6},"end":{"line":122,"column":10}}],"line":118}},"s":{"0":2,"1":2,"2":2,"3":2,"4":2,"5":2,"6":2,"7":2,"8":22,"9":22,"10":22,"11":13,"12":13,"13":9,"14":2,"15":0,"16":0,"17":0,"18":2,"19":2,"20":2,"21":2,"22":4,"23":2,"24":1,"25":1,"26":1,"27":3,"28":1,"29":1,"30":0,"31":1,"32":0,"33":2,"34":4,"35":4,"36":4,"37":0,"38":2,"39":5,"40":5,"41":5,"42":1,"43":1,"44":4,"45":2,"46":1,"47":1,"48":1,"49":1,"50":1,"51":0,"52":0,"53":2,"54":1,"55":1,"56":1,"57":1,"58":0,"59":2,"60":27,"61":2},"f":{"0":22,"1":0,"2":2,"3":4,"4":3,"5":4,"6":5,"7":1,"8":1,"9":0,"10":1,"11":27},"b":{"0":[1,1],"1":[0,1],"2":[25,2]},"_coverageSchema":"1a1c01bbd47fc00a2c39e90264f33305004495a9","hash":"7672a6558f34e395373c5d29c2eede2ba24db70c"}
,"C:\\Users\\nick-\\Projects\\MyPets\\Api\\tests\\mocks\\transaction.mocks.js": {"path":"C:\\Users\\nick-\\Projects\\MyPets\\Api\\tests\\mocks\\transaction.mocks.js","statementMap":{"0":{"start":{"line":1,"column":17},"end":{"line":1,"column":37}},"1":{"start":{"line":2,"column":20},"end":{"line":2,"column":65}},"2":{"start":{"line":4,"column":20},"end":{"line":4,"column":113}},"3":{"start":{"line":4,"column":30},"end":{"line":4,"column":113}},"4":{"start":{"line":6,"column":14},"end":{"line":47,"column":1}},"5":{"start":{"line":49,"column":19},"end":{"line":53,"column":1}},"6":{"start":{"line":50,"column":14},"end":{"line":50,"column":32}},"7":{"start":{"line":51,"column":2},"end":{"line":51,"column":22}},"8":{"start":{"line":52,"column":2},"end":{"line":52,"column":12}},"9":{"start":{"line":55,"column":17},"end":{"line":60,"column":1}},"10":{"start":{"line":62,"column":22},"end":{"line":62,"column":49}},"11":{"start":{"line":63,"column":22},"end":{"line":63,"column":49}},"12":{"start":{"line":65,"column":22},"end":{"line":65,"column":64}},"13":{"start":{"line":65,"column":34},"end":{"line":65,"column":64}},"14":{"start":{"line":67,"column":0},"end":{"line":74,"column":1}}},"fnMap":{"0":{"name":"(anonymous_0)","decl":{"start":{"line":4,"column":20},"end":{"line":4,"column":21}},"loc":{"start":{"line":4,"column":30},"end":{"line":4,"column":113}},"line":4},"1":{"name":"(anonymous_1)","decl":{"start":{"line":49,"column":19},"end":{"line":49,"column":20}},"loc":{"start":{"line":49,"column":46},"end":{"line":53,"column":1}},"line":49},"2":{"name":"(anonymous_2)","decl":{"start":{"line":65,"column":22},"end":{"line":65,"column":23}},"loc":{"start":{"line":65,"column":34},"end":{"line":65,"column":64}},"line":65}},"branchMap":{},"s":{"0":1,"1":1,"2":1,"3":1,"4":1,"5":1,"6":1,"7":1,"8":1,"9":1,"10":1,"11":1,"12":1,"13":2,"14":1},"f":{"0":1,"1":1,"2":2},"b":{},"_coverageSchema":"1a1c01bbd47fc00a2c39e90264f33305004495a9","hash":"139a1700c456041c37f1ae07b9dda090b504946f"}
,"C:\\Users\\nick-\\Projects\\MyPets\\Api\\tests\\mocks\\users.mocks.js": {"path":"C:\\Users\\nick-\\Projects\\MyPets\\Api\\tests\\mocks\\users.mocks.js","statementMap":{"0":{"start":{"line":1,"column":17},"end":{"line":1,"column":37}},"1":{"start":{"line":2,"column":13},"end":{"line":2,"column":51}},"2":{"start":{"line":4,"column":20},"end":{"line":4,"column":113}},"3":{"start":{"line":4,"column":30},"end":{"line":4,"column":113}},"4":{"start":{"line":6,"column":17},"end":{"line":11,"column":1}},"5":{"start":{"line":13,"column":17},"end":{"line":34,"column":1}},"6":{"start":{"line":36,"column":19},"end":{"line":40,"column":1}},"7":{"start":{"line":42,"column":22},"end":{"line":42,"column":63}},"8":{"start":{"line":43,"column":22},"end":{"line":43,"column":64}},"9":{"start":{"line":45,"column":19},"end":{"line":49,"column":1}},"10":{"start":{"line":46,"column":14},"end":{"line":46,"column":25}},"11":{"start":{"line":47,"column":2},"end":{"line":47,"column":22}},"12":{"start":{"line":48,"column":2},"end":{"line":48,"column":12}},"13":{"start":{"line":51,"column":22},"end":{"line":53,"column":1}},"14":{"start":{"line":52,"column":2},"end":{"line":52,"column":25}},"15":{"start":{"line":55,"column":0},"end":{"line":63,"column":1}}},"fnMap":{"0":{"name":"(anonymous_0)","decl":{"start":{"line":4,"column":20},"end":{"line":4,"column":21}},"loc":{"start":{"line":4,"column":30},"end":{"line":4,"column":113}},"line":4},"1":{"name":"(anonymous_1)","decl":{"start":{"line":45,"column":19},"end":{"line":45,"column":20}},"loc":{"start":{"line":45,"column":39},"end":{"line":49,"column":1}},"line":45},"2":{"name":"(anonymous_2)","decl":{"start":{"line":51,"column":22},"end":{"line":51,"column":23}},"loc":{"start":{"line":51,"column":34},"end":{"line":53,"column":1}},"line":51}},"branchMap":{},"s":{"0":1,"1":1,"2":1,"3":3,"4":1,"5":1,"6":1,"7":1,"8":1,"9":1,"10":4,"11":4,"12":4,"13":1,"14":18,"15":1},"f":{"0":3,"1":4,"2":18},"b":{},"_coverageSchema":"1a1c01bbd47fc00a2c39e90264f33305004495a9","hash":"0bf45205a3f2e03d7fdd9257ad7e118defbd4be2"}
}
