TN:
SF:src\index.js
FN:8,(anonymous_0)
FN:12,(anonymous_1)
FNF:2
FNH:0
FNDA:0,(anonymous_0)
FNDA:0,(anonymous_1)
DA:6,0
DA:8,0
DA:9,0
DA:10,0
DA:12,0
DA:15,0
LF:6
LH:0
BRF:0
BRH:0
end_of_record
TN:
SF:src\db\mongoose.js
FNF:0
FNH:0
DA:3,3
LF:1
LH:1
BRF:0
BRH:0
end_of_record
TN:
SF:src\functions\dbOps.js
FN:16,(anonymous_0)
FN:19,(anonymous_1)
FN:23,(anonymous_2)
FN:25,(anonymous_3)
FN:26,(anonymous_4)
FNF:5
FNH:5
FNDA:6,(anonymous_0)
FNDA:21,(anonymous_1)
FNDA:31,(anonymous_2)
FNDA:3,(anonymous_3)
FNDA:12,(anonymous_4)
DA:9,3
DA:16,3
DA:17,6
DA:18,6
DA:19,21
DA:23,31
DA:25,3
DA:26,12
LF:8
LH:8
BRDA:16,0,0,6
BRDA:17,1,0,6
BRDA:17,1,1,0
BRDA:18,2,0,6
BRDA:18,2,1,0
BRF:5
BRH:3
end_of_record
TN:
SF:src\functions\encrypt.js
FN:3,(anonymous_0)
FN:9,(anonymous_1)
FNF:2
FNH:2
FNDA:14,(anonymous_0)
FNDA:28,(anonymous_1)
DA:3,4
DA:4,14
DA:9,4
DA:10,28
LF:4
LH:4
BRDA:4,0,0,13
BRDA:4,0,1,1
BRDA:10,1,0,27
BRDA:10,1,1,1
BRF:4
BRH:4
end_of_record
TN:
SF:src\functions\parsers.js
FN:7,(anonymous_0)
FN:9,(anonymous_1)
FN:14,(anonymous_2)
FN:25,(anonymous_3)
FN:36,(anonymous_4)
FN:38,(anonymous_5)
FN:43,(anonymous_6)
FN:48,(anonymous_7)
FN:53,(anonymous_8)
FN:55,(anonymous_9)
FN:56,(anonymous_10)
FN:58,(anonymous_11)
FN:60,(anonymous_12)
FN:61,(anonymous_13)
FN:64,(anonymous_14)
FN:66,(anonymous_15)
FN:72,(anonymous_16)
FN:75,(anonymous_17)
FN:77,(anonymous_18)
FNF:19
FNH:17
FNDA:2,(anonymous_0)
FNDA:3,(anonymous_1)
FNDA:3,(anonymous_2)
FNDA:3,(anonymous_3)
FNDA:9,(anonymous_4)
FNDA:20,(anonymous_5)
FNDA:39,(anonymous_6)
FNDA:129,(anonymous_7)
FNDA:28,(anonymous_8)
FNDA:30,(anonymous_9)
FNDA:13,(anonymous_10)
FNDA:0,(anonymous_11)
FNDA:0,(anonymous_12)
FNDA:2,(anonymous_13)
FNDA:4,(anonymous_14)
FNDA:4,(anonymous_15)
FNDA:3,(anonymous_16)
FNDA:1,(anonymous_17)
FNDA:1,(anonymous_18)
DA:4,4
DA:8,2
DA:9,3
DA:15,3
DA:17,2
DA:19,1
DA:26,3
DA:28,2
DA:30,1
DA:36,4
DA:37,9
DA:38,20
DA:43,4
DA:44,39
DA:46,39
DA:48,129
DA:52,4
DA:54,28
DA:55,30
DA:57,13
DA:59,0
DA:60,0
DA:61,2
DA:64,4
DA:66,4
DA:67,4
DA:68,1
DA:69,1
DA:72,3
DA:75,4
DA:76,1
DA:77,1
LF:32
LH:30
BRDA:15,0,0,2
BRDA:15,0,1,1
BRDA:26,1,0,2
BRDA:26,1,1,1
BRDA:38,2,0,9
BRDA:38,2,1,1
BRDA:47,3,0,39
BRDA:47,3,1,14
BRDA:54,4,0,16
BRDA:54,4,1,12
BRDA:55,5,0,15
BRDA:56,6,0,1
BRDA:56,7,0,9
BRDA:58,8,0,0
BRDA:60,9,0,0
BRDA:66,10,0,3
BRDA:67,11,0,1
BRDA:67,11,1,3
BRDA:76,12,0,1
BRDA:76,12,1,0
BRDA:77,13,0,1
BRDA:77,13,1,0
BRF:22
BRH:18
end_of_record
TN:
SF:src\graphql\resolvers\Mutations.js
FN:13,(anonymous_0)
FN:23,(anonymous_1)
FN:38,(anonymous_2)
FN:48,(anonymous_3)
FN:56,(anonymous_4)
FN:81,(anonymous_5)
FN:87,(anonymous_6)
FN:94,(anonymous_7)
FN:127,(anonymous_8)
FNF:9
FNH:9
FNDA:3,(anonymous_0)
FNDA:18,(anonymous_1)
FNDA:3,(anonymous_2)
FNDA:2,(anonymous_3)
FNDA:6,(anonymous_4)
FNDA:2,(anonymous_5)
FNDA:1,(anonymous_6)
FNDA:21,(anonymous_7)
FNDA:13,(anonymous_8)
DA:12,3
DA:14,3
DA:15,3
DA:16,1
DA:18,1
DA:20,2
DA:24,18
DA:25,18
DA:30,17
DA:31,16
DA:33,16
DA:35,2
DA:39,3
DA:40,1
DA:43,2
DA:44,1
DA:47,1
DA:48,2
DA:49,1
DA:51,1
DA:53,0
DA:57,6
DA:58,1
DA:61,5
DA:62,1
DA:65,4
DA:66,1
DA:69,3
DA:70,3
DA:71,2
DA:73,2
DA:75,1
DA:77,2
DA:78,2
DA:82,2
DA:83,1
DA:86,1
DA:87,1
DA:88,1
DA:89,1
DA:91,0
DA:95,21
DA:96,1
DA:99,20
DA:100,13
DA:103,7
DA:105,7
DA:106,1
DA:112,6
DA:114,6
DA:115,6
DA:120,6
DA:122,6
DA:124,0
DA:128,13
DA:129,1
DA:132,12
DA:133,10
DA:136,2
DA:138,2
DA:139,1
DA:145,1
DA:146,1
DA:147,1
DA:149,0
LF:65
LH:61
BRDA:39,0,0,1
BRDA:39,0,1,2
BRDA:43,1,0,1
BRDA:43,1,1,1
BRDA:57,2,0,1
BRDA:57,2,1,5
BRDA:61,3,0,1
BRDA:61,3,1,4
BRDA:65,4,0,1
BRDA:65,4,1,3
BRDA:77,5,0,1
BRDA:77,5,1,1
BRDA:82,6,0,1
BRDA:82,6,1,1
BRDA:82,7,0,2
BRDA:82,7,1,1
BRDA:95,8,0,1
BRDA:95,8,1,20
BRDA:99,9,0,13
BRDA:99,9,1,7
BRDA:105,10,0,1
BRDA:105,10,1,6
BRDA:128,11,0,1
BRDA:128,11,1,12
BRDA:132,12,0,10
BRDA:132,12,1,2
BRDA:138,13,0,1
BRDA:138,13,1,1
BRDA:147,14,0,1
BRDA:147,14,1,1
BRF:30
BRH:30
end_of_record
TN:
SF:src\graphql\resolvers\Queries.js
FN:11,(anonymous_0)
FN:17,(anonymous_1)
FN:17,(anonymous_2)
FN:18,(anonymous_3)
FN:18,(anonymous_4)
FN:19,(anonymous_5)
FN:27,(anonymous_6)
FN:40,(anonymous_7)
FN:53,(anonymous_8)
FN:53,(anonymous_9)
FN:55,(anonymous_10)
FN:56,(anonymous_11)
FN:58,(anonymous_12)
FNF:13
FNH:13
FNDA:1,(anonymous_0)
FNDA:6,(anonymous_1)
FNDA:12,(anonymous_2)
FNDA:5,(anonymous_3)
FNDA:25,(anonymous_4)
FNDA:5,(anonymous_5)
FNDA:3,(anonymous_6)
FNDA:2,(anonymous_7)
FNDA:1,(anonymous_8)
FNDA:1,(anonymous_9)
FNDA:1,(anonymous_10)
FNDA:1,(anonymous_11)
FNDA:1,(anonymous_12)
DA:10,3
DA:11,1
DA:17,12
DA:18,25
DA:20,5
DA:21,1
DA:24,4
DA:25,4
DA:28,3
DA:29,1
DA:32,2
DA:34,2
DA:35,1
DA:38,1
DA:41,2
DA:42,1
DA:45,1
DA:46,1
DA:48,1
DA:49,0
DA:52,1
DA:53,1
DA:55,1
DA:56,1
DA:58,1
DA:61,1
LF:26
LH:25
BRDA:20,0,0,1
BRDA:20,0,1,4
BRDA:28,1,0,1
BRDA:28,1,1,2
BRDA:34,2,0,1
BRDA:34,2,1,1
BRDA:41,3,0,1
BRDA:41,3,1,1
BRDA:48,4,0,0
BRDA:48,4,1,1
BRF:10
BRH:9
end_of_record
TN:
SF:src\graphql\resolvers\Relationships.js
FN:11,(anonymous_0)
FN:17,(anonymous_1)
FN:18,(anonymous_2)
FN:19,(anonymous_3)
FN:20,(anonymous_4)
FNF:5
FNH:5
FNDA:2,(anonymous_0)
FNDA:1,(anonymous_1)
FNDA:1,(anonymous_2)
FNDA:1,(anonymous_3)
FNDA:1,(anonymous_4)
DA:9,1
DA:12,2
DA:13,2
DA:17,1
DA:18,1
DA:19,1
DA:20,1
LF:7
LH:7
BRDA:12,0,0,1
BRDA:12,0,1,1
BRF:2
BRH:2
end_of_record
TN:
SF:src\server\app.js
FN:18,(anonymous_0)
FNF:1
FNH:0
FNDA:0,(anonymous_0)
DA:8,0
DA:10,0
DA:11,0
DA:13,0
DA:14,0
DA:16,0
DA:18,0
DA:20,0
DA:22,0
LF:9
LH:0
BRF:0
BRH:0
end_of_record
TN:
SF:src\server\server.js
FN:19,(anonymous_0)
FNF:1
FNH:0
FNDA:0,(anonymous_0)
DA:16,0
DA:20,0
DA:24,0
DA:26,0
DA:27,0
DA:29,0
DA:30,0
DA:33,0
LF:8
LH:0
BRDA:20,0,0,0
BRDA:20,0,1,0
BRDA:24,1,0,0
BRDA:24,1,1,0
BRDA:29,2,0,0
BRDA:29,2,1,0
BRDA:29,3,0,0
BRDA:29,3,1,0
BRF:8
BRH:0
end_of_record
